<?xml version="1.0" encoding="UTF-8"?>
<!-- Generated by org.testng.reporters.JUnitReportReporter -->
<testsuite hostname="LAPTOP-N9O03BAB" failures="0" tests="1" name="LamdaTestDemo.Lamdatestcloud" time="26.683" errors="0" timestamp="2024-08-11T22:20:52 IST" skipped="0">
  <testcase classname="LamdaTestDemo.Lamdatestcloud" name="login" time="26.683"/>
  <system-out/>
</testsuite> <!-- LamdaTestDemo.Lamdatestcloud -->
