<?xml version="1.0" encoding="UTF-8"?>
<!-- Generated by org.testng.reporters.JUnitReportReporter -->
<testsuite hostname="LAPTOP-N9O03BAB" failures="0" tests="1" name="LamdaTestDemo.Lamdatestcloud" time="13.505" errors="0" timestamp="2024-06-30T12:57:16 IST" skipped="0">
  <testcase classname="LamdaTestDemo.Lamdatestcloud" name="login" time="13.505"/>
  <system-out/>
</testsuite> <!-- LamdaTestDemo.Lamdatestcloud -->
