<?xml version="1.0" encoding="UTF-8"?>
<!-- Generated by org.testng.reporters.JUnitReportReporter -->
<testsuite hostname="LAPTOP-N9O03BAB" failures="0" tests="1" name="Selenium4.Chromedevtools" time="0.003" errors="1" timestamp="2024-02-14T10:17:04 IST" skipped="0">
  <testcase classname="Selenium4.Chromedevtools" name="enablenetworkoffline" time="0.003">
    <error message="Unresolved compilation problems: 
	The method enable(Optional&lt;Integer&gt;, Optional&lt;Object&gt;, Optional&lt;Object&gt;) is undefined for the type Network
	The method emulateNetworkConditions(Boolean, Number, Number, Number, Optional&lt;ConnectionType&gt;) in the type Network is not applicable for the arguments (boolean, int, int, int, Optional&lt;NetworkConnection.ConnectionType&gt;)
" type="java.lang.Error">
      <![CDATA[java.lang.Error: Unresolved compilation problems: 
The method enable(Optional<Integer>, Optional<Object>, Optional<Object>) is undefined for the type Network
The method emulateNetworkConditions(Boolean, Number, Number, Number, Optional<ConnectionType>) in the type Network is not applicable for the arguments (boolean, int, int, int, Optional<NetworkConnection.ConnectionType>)

at Selenium4.Chromedevtools.enablenetworkoffline(Chromedevtools.java:23)
at java.base/jdk.internal.reflect.NativeMethodAccessorImpl.invoke0(Native Method)
at java.base/jdk.internal.reflect.NativeMethodAccessorImpl.invoke(NativeMethodAccessorImpl.java:62)
at java.base/jdk.internal.reflect.DelegatingMethodAccessorImpl.invoke(DelegatingMethodAccessorImpl.java:43)
at java.base/java.lang.reflect.Method.invoke(Method.java:567)
at org.testng.internal.MethodInvocationHelper.invokeMethod(MethodInvocationHelper.java:133)
at org.testng.internal.TestInvoker.invokeMethod(TestInvoker.java:598)
at org.testng.internal.TestInvoker.invokeTestMethod(TestInvoker.java:173)
at org.testng.internal.MethodRunner.runInSequence(MethodRunner.java:46)
at org.testng.internal.TestInvoker$MethodInvocationAgent.invoke(TestInvoker.java:824)
at org.testng.internal.TestInvoker.invokeTestMethods(TestInvoker.java:146)
at org.testng.internal.TestMethodWorker.invokeTestMethods(TestMethodWorker.java:146)
at org.testng.internal.TestMethodWorker.run(TestMethodWorker.java:128)
at java.base/java.util.ArrayList.forEach(ArrayList.java:1507)
at org.testng.TestRunner.privateRun(TestRunner.java:794)
at org.testng.TestRunner.run(TestRunner.java:596)
at org.testng.SuiteRunner.runTest(SuiteRunner.java:377)
at org.testng.SuiteRunner.runSequentially(SuiteRunner.java:371)
at org.testng.SuiteRunner.privateRun(SuiteRunner.java:332)
at org.testng.SuiteRunner.run(SuiteRunner.java:276)
at org.testng.SuiteRunnerWorker.runSuite(SuiteRunnerWorker.java:53)
at org.testng.SuiteRunnerWorker.run(SuiteRunnerWorker.java:96)
at org.testng.TestNG.runSuitesSequentially(TestNG.java:1212)
at org.testng.TestNG.runSuitesLocally(TestNG.java:1134)
at org.testng.TestNG.runSuites(TestNG.java:1063)
at org.testng.TestNG.run(TestNG.java:1031)
at org.testng.remote.AbstractRemoteTestNG.run(AbstractRemoteTestNG.java:115)
at org.testng.remote.RemoteTestNG.initAndRun(RemoteTestNG.java:251)
at org.testng.remote.RemoteTestNG.main(RemoteTestNG.java:77)
]]>
    </error>
  </testcase> <!-- enablenetworkoffline -->
  <system-out/>
</testsuite> <!-- Selenium4.Chromedevtools -->
